<?xml version="1.0" encoding="UTF-8"?>
<!-- Generated by org.testng.reporters.JUnitReportReporter -->
<testsuite skipped="0" hostname="DESKTOP-N2BKH79" name="helloworldmvc.model.TestModel" tests="1" failures="0" timestamp="24 juin 2019 14:52:11 GMT" time="0.012" errors="0">
  <testcase name="testGetMessage" time="0.012" classname="helloworldmvc.model.TestModel"/>
</testsuite> <!-- helloworldmvc.model.TestModel -->
